g++ -I/home/wyt/workspack/vitis/DsOc_v2/src -I/opt/xilinx/xrt/include  -I/tools/Xilinx/Vitis/2024.2/include  -I/tools/Xilinx/Vivado/2024.2/include  -I/usr/include  -std=c++17 -O0 -g -Wall -Wno-unknown-pragmas -Wno-unused-label -Wno-narrowing -fmessage-length=0 -DVITIS_PLATFORM= -c -o build_temp/host.o /home/wyt/workspack/vitis/DsOc_v2/src/host.cpp
In file included from /tools/Xilinx/Vitis/2024.2/include/hls_fpo.h:140,
                 from /tools/Xilinx/Vitis/2024.2/include/etc/hls_half_fpo.h:19,
                 from /tools/Xilinx/Vitis/2024.2/include/hls_half.h:26,
                 from /tools/Xilinx/Vitis/2024.2/include/etc/ap_private.h:68,
                 from /tools/Xilinx/Vitis/2024.2/include/etc/ap_common.h:658,
                 from /tools/Xilinx/Vitis/2024.2/include/ap_fixed.h:9,
                 from /home/wyt/workspack/vitis/DsOc_v2/src/DSVS_Octree.h:15,
                 from /home/wyt/workspack/vitis/DsOc_v2/src/host.cpp:12:
/tools/Xilinx/Vitis/2024.2/include/floating_point_v7_1_bitacc_cmodel.h:10:1: warning: multi-line comment [-Wcomment]
   10 | // \   \  /  \
      | ^
In file included from /tools/Xilinx/Vitis/2024.2/include/hls_math.h:1057,
                 from /home/wyt/workspack/vitis/DsOc_v2/src/DSVS_Octree.h:17,
                 from /home/wyt/workspack/vitis/DsOc_v2/src/host.cpp:12:
/tools/Xilinx/Vitis/2024.2/include/etc/hls_sqrt_apfixed.h: In function ‘ap_fixed<_AP_W2, _AP_I2> sqrt_fixed(ap_fixed<_AP_W2, _AP_I2>)’:
/tools/Xilinx/Vitis/2024.2/include/etc/hls_sqrt_apfixed.h:298:17: warning: this ‘if’ clause does not guard... [-Wmisleading-indentation]
  298 |                 if ( x_l_FL < mul_FL )            x_l_FL_l[prcs/2] = 1;
      |                 ^~
/tools/Xilinx/Vitis/2024.2/include/etc/hls_sqrt_apfixed.h:299:51: note: ...this statement, but the latter is misleadingly indented as if it were guarded by the ‘if’
  299 |                                                   x_l_FL_l        -= mul_FL;
      |                                                   ^~~~~~~~
/tools/Xilinx/Vitis/2024.2/include/etc/hls_sqrt_apfixed.h:307:17: warning: this ‘if’ clause does not guard... [-Wmisleading-indentation]
  307 |                 if ( x_l_FL < mul_FL )                                       delta[0]         = 1;
      |                 ^~
/tools/Xilinx/Vitis/2024.2/include/etc/hls_sqrt_apfixed.h:308:78: note: ...this statement, but the latter is misleadingly indented as if it were guarded by the ‘if’
  308 |                                                                              x_l_FH_l        -= delta;
      |                                                                              ^~~~~~~~
/tools/Xilinx/Vitis/2024.2/include/etc/hls_sqrt_apfixed.h:313:17: warning: this ‘if’ clause does not guard... [-Wmisleading-indentation]
  313 |                 if ( (x_l_FH<mul_FH)||((x_l_FH==mul_FH)&&(x_l_FL<mul_FL)) )  x_l_I           --;
      |                 ^~
/tools/Xilinx/Vitis/2024.2/include/etc/hls_sqrt_apfixed.h:314:78: note: ...this statement, but the latter is misleadingly indented as if it were guarded by the ‘if’
  314 |                                                                              x_l_I           -= mul_I;
      |                                                                              ^~~~~
In file included from /home/wyt/workspack/vitis/DsOc_v2/src/DSVS_Octree.h:12,
                 from /home/wyt/workspack/vitis/DsOc_v2/src/host.cpp:12:
/home/wyt/workspack/vitis/DsOc_v2/src/host.cpp: In function ‘int main(int, char**)’:
/home/wyt/workspack/vitis/DsOc_v2/src/timer.h:46:9: warning: variable ‘_g_timer_last_id’ set but not used [-Wunused-but-set-variable]
   46 |     int _g_timer_last_id = 0;
      |         ^~~~~~~~~~~~~~~~
/home/wyt/workspack/vitis/DsOc_v2/src/host.cpp:61:1: note: in expansion of macro ‘TIMER_INIT’
   61 | TIMER_INIT(7);
      | ^~~~~~~~~~
g++ -I/home/wyt/workspack/vitis/DsOc_v2/src -I/opt/xilinx/xrt/include  -I/tools/Xilinx/Vitis/2024.2/include  -I/tools/Xilinx/Vivado/2024.2/include  -I/usr/include  -std=c++17 -O0 -g -Wall -Wno-unknown-pragmas -Wno-unused-label -Wno-narrowing -fmessage-length=0 -DVITIS_PLATFORM= -c -o build_temp/DSVS_Octree.o /home/wyt/workspack/vitis/DsOc_v2/src/DSVS_Octree.cpp
In file included from /tools/Xilinx/Vitis/2024.2/include/hls_fpo.h:140,
                 from /tools/Xilinx/Vitis/2024.2/include/etc/hls_half_fpo.h:19,
                 from /tools/Xilinx/Vitis/2024.2/include/hls_half.h:26,
                 from /tools/Xilinx/Vitis/2024.2/include/etc/ap_private.h:68,
                 from /tools/Xilinx/Vitis/2024.2/include/etc/ap_common.h:658,
                 from /tools/Xilinx/Vitis/2024.2/include/ap_fixed.h:9,
                 from /home/wyt/workspack/vitis/DsOc_v2/src/DSVS_Octree.h:15,
                 from /home/wyt/workspack/vitis/DsOc_v2/src/DSVS_Octree.cpp:2:
/tools/Xilinx/Vitis/2024.2/include/floating_point_v7_1_bitacc_cmodel.h:10:1: warning: multi-line comment [-Wcomment]
   10 | // \   \  /  \
      | ^
In file included from /tools/Xilinx/Vitis/2024.2/include/hls_math.h:1057,
                 from /home/wyt/workspack/vitis/DsOc_v2/src/DSVS_Octree.h:17,
                 from /home/wyt/workspack/vitis/DsOc_v2/src/DSVS_Octree.cpp:2:
/tools/Xilinx/Vitis/2024.2/include/etc/hls_sqrt_apfixed.h: In function ‘ap_fixed<_AP_W2, _AP_I2> sqrt_fixed(ap_fixed<_AP_W2, _AP_I2>)’:
/tools/Xilinx/Vitis/2024.2/include/etc/hls_sqrt_apfixed.h:298:17: warning: this ‘if’ clause does not guard... [-Wmisleading-indentation]
  298 |                 if ( x_l_FL < mul_FL )            x_l_FL_l[prcs/2] = 1;
      |                 ^~
/tools/Xilinx/Vitis/2024.2/include/etc/hls_sqrt_apfixed.h:299:51: note: ...this statement, but the latter is misleadingly indented as if it were guarded by the ‘if’
  299 |                                                   x_l_FL_l        -= mul_FL;
      |                                                   ^~~~~~~~
/tools/Xilinx/Vitis/2024.2/include/etc/hls_sqrt_apfixed.h:307:17: warning: this ‘if’ clause does not guard... [-Wmisleading-indentation]
  307 |                 if ( x_l_FL < mul_FL )                                       delta[0]         = 1;
      |                 ^~
/tools/Xilinx/Vitis/2024.2/include/etc/hls_sqrt_apfixed.h:308:78: note: ...this statement, but the latter is misleadingly indented as if it were guarded by the ‘if’
  308 |                                                                              x_l_FH_l        -= delta;
      |                                                                              ^~~~~~~~
/tools/Xilinx/Vitis/2024.2/include/etc/hls_sqrt_apfixed.h:313:17: warning: this ‘if’ clause does not guard... [-Wmisleading-indentation]
  313 |                 if ( (x_l_FH<mul_FH)||((x_l_FH==mul_FH)&&(x_l_FL<mul_FL)) )  x_l_I           --;
      |                 ^~
/tools/Xilinx/Vitis/2024.2/include/etc/hls_sqrt_apfixed.h:314:78: note: ...this statement, but the latter is misleadingly indented as if it were guarded by the ‘if’
  314 |                                                                              x_l_I           -= mul_I;
      |                                                                              ^~~~~
/home/wyt/workspack/vitis/DsOc_v2/src/DSVS_Octree.cpp: In function ‘void DSVS_reorder(My_PointXYZI*, int, int*, int*, int*, int*, int*, My_PointXYZI*)’:
/home/wyt/workspack/vitis/DsOc_v2/src/DSVS_Octree.cpp:237:13: warning: unused variable ‘end_point’ [-Wunused-variable]
  237 |         int end_point = start_point + DSVS_point_num[temp_hash];
      |             ^~~~~~~~~
/home/wyt/workspack/vitis/DsOc_v2/src/DSVS_Octree.cpp: In function ‘void Octree_test(My_PointXYZI*, int*, int, int*, int*, int*, int*, int*, int*, int*, point_information*, point_information*, My_PointXYZI*, int*)’:
/home/wyt/workspack/vitis/DsOc_v2/src/DSVS_Octree.cpp:571:9: warning: unused variable ‘Depth’ [-Wunused-variable]
  571 |     int Depth;
      |         ^~~~~
/home/wyt/workspack/vitis/DsOc_v2/src/DSVS_Octree.cpp:573:23: warning: unused variable ‘dep2_point_inform’ [-Wunused-variable]
  573 |     point_information dep2_point_inform[set_size];
      |                       ^~~~~~~~~~~~~~~~~
/home/wyt/workspack/vitis/DsOc_v2/src/DSVS_Octree.cpp:575:18: warning: unused variable ‘dep2_set’ [-Wunused-variable]
  575 |     My_PointXYZI dep2_set[set_size];
      |                  ^~~~~~~~
/home/wyt/workspack/vitis/DsOc_v2/src/DSVS_Octree.cpp:577:9: warning: unused variable ‘dep2_set_index’ [-Wunused-variable]
  577 |     int dep2_set_index[set_size];
      |         ^~~~~~~~~~~~~~
/home/wyt/workspack/vitis/DsOc_v2/src/DSVS_Octree.cpp:579:9: warning: unused variable ‘Oc_dep2_point_num’ [-Wunused-variable]
  579 |     int Oc_dep2_point_num[k_voxels_number_max * k_max_encode] = {0};
      |         ^~~~~~~~~~~~~~~~~
In file included from /home/wyt/workspack/vitis/DsOc_v2/src/DSVS_Octree.h:12,
                 from /home/wyt/workspack/vitis/DsOc_v2/src/DSVS_Octree.cpp:2:
/home/wyt/workspack/vitis/DsOc_v2/src/DSVS_Octree.cpp: In function ‘void brute_force_search(My_PointXYZI*, int, My_PointXYZI*, int, My_PointXYZI*)’:
/home/wyt/workspack/vitis/DsOc_v2/src/timer.h:46:9: warning: variable ‘_g_timer_last_id’ set but not used [-Wunused-but-set-variable]
   46 |     int _g_timer_last_id = 0;
      |         ^~~~~~~~~~~~~~~~
/home/wyt/workspack/vitis/DsOc_v2/src/DSVS_Octree.cpp:691:5: note: in expansion of macro ‘TIMER_INIT’
  691 |     TIMER_INIT(5);
      |     ^~~~~~~~~~
/home/wyt/workspack/vitis/DsOc_v2/src/DSVS_Octree.cpp:722:9: warning: unused variable ‘count’ [-Wunused-variable]
  722 |     int count = 0;
      |         ^~~~~
/home/wyt/workspack/vitis/DsOc_v2/src/DSVS_Octree.cpp: In function ‘void compare_result(My_PointXYZI*, int, My_PointXYZI*, My_PointXYZI*, int&)’:
/home/wyt/workspack/vitis/DsOc_v2/src/DSVS_Octree.cpp:746:19: warning: unused variable ‘dis_new’ [-Wunused-variable]
  746 |             float dis_new = sqrt(
      |                   ^~~~~~~
g++ -I/home/wyt/workspack/vitis/DsOc_v2/src -I/opt/xilinx/xrt/include  -I/tools/Xilinx/Vitis/2024.2/include  -I/tools/Xilinx/Vivado/2024.2/include  -I/usr/include  -std=c++17 -O0 -g -Wall -Wno-unknown-pragmas -Wno-unused-label -Wno-narrowing -fmessage-length=0 -DVITIS_PLATFORM= -c -o build_temp/DSVS_Octree_hw.o /home/wyt/workspack/vitis/DsOc_v2/src/DSVS_Octree_hw.cpp
In file included from /tools/Xilinx/Vitis/2024.2/include/hls_fpo.h:140,
                 from /tools/Xilinx/Vitis/2024.2/include/etc/hls_half_fpo.h:19,
                 from /tools/Xilinx/Vitis/2024.2/include/hls_half.h:26,
                 from /tools/Xilinx/Vitis/2024.2/include/etc/ap_private.h:68,
                 from /tools/Xilinx/Vitis/2024.2/include/etc/ap_common.h:658,
                 from /tools/Xilinx/Vitis/2024.2/include/ap_fixed.h:9,
                 from /home/wyt/workspack/vitis/DsOc_v2/src/DSVS_Octree.h:15,
                 from /home/wyt/workspack/vitis/DsOc_v2/src/DSVS_Octree_hw.cpp:1:
/tools/Xilinx/Vitis/2024.2/include/floating_point_v7_1_bitacc_cmodel.h:10:1: warning: multi-line comment [-Wcomment]
   10 | // \   \  /  \
      | ^
In file included from /tools/Xilinx/Vitis/2024.2/include/hls_math.h:1057,
                 from /home/wyt/workspack/vitis/DsOc_v2/src/DSVS_Octree.h:17,
                 from /home/wyt/workspack/vitis/DsOc_v2/src/DSVS_Octree_hw.cpp:1:
/tools/Xilinx/Vitis/2024.2/include/etc/hls_sqrt_apfixed.h: In function ‘ap_fixed<_AP_W2, _AP_I2> sqrt_fixed(ap_fixed<_AP_W2, _AP_I2>)’:
/tools/Xilinx/Vitis/2024.2/include/etc/hls_sqrt_apfixed.h:298:17: warning: this ‘if’ clause does not guard... [-Wmisleading-indentation]
  298 |                 if ( x_l_FL < mul_FL )            x_l_FL_l[prcs/2] = 1;
      |                 ^~
/tools/Xilinx/Vitis/2024.2/include/etc/hls_sqrt_apfixed.h:299:51: note: ...this statement, but the latter is misleadingly indented as if it were guarded by the ‘if’
  299 |                                                   x_l_FL_l        -= mul_FL;
      |                                                   ^~~~~~~~
/tools/Xilinx/Vitis/2024.2/include/etc/hls_sqrt_apfixed.h:307:17: warning: this ‘if’ clause does not guard... [-Wmisleading-indentation]
  307 |                 if ( x_l_FL < mul_FL )                                       delta[0]         = 1;
      |                 ^~
/tools/Xilinx/Vitis/2024.2/include/etc/hls_sqrt_apfixed.h:308:78: note: ...this statement, but the latter is misleadingly indented as if it were guarded by the ‘if’
  308 |                                                                              x_l_FH_l        -= delta;
      |                                                                              ^~~~~~~~
/tools/Xilinx/Vitis/2024.2/include/etc/hls_sqrt_apfixed.h:313:17: warning: this ‘if’ clause does not guard... [-Wmisleading-indentation]
  313 |                 if ( (x_l_FH<mul_FH)||((x_l_FH==mul_FH)&&(x_l_FL<mul_FL)) )  x_l_I           --;
      |                 ^~
/tools/Xilinx/Vitis/2024.2/include/etc/hls_sqrt_apfixed.h:314:78: note: ...this statement, but the latter is misleadingly indented as if it were guarded by the ‘if’
  314 |                                                                              x_l_I           -= mul_I;
      |                                                                              ^~~~~
In file included from /home/wyt/workspack/vitis/DsOc_v2/src/DSVS_Octree.h:18,
                 from /home/wyt/workspack/vitis/DsOc_v2/src/DSVS_Octree_hw.cpp:1:
/tools/Xilinx/Vitis/2024.2/include/hls_stream.h: In instantiation of ‘void hls::stream_entity<SIZE, DIRECTIO>::write(const void*) [with long unsigned int SIZE = 12; bool DIRECTIO = false]’:
/tools/Xilinx/Vitis/2024.2/include/hls_stream.h:473:25:   required from ‘void hls::stream<__STREAM_T__, 0>::write(const __STREAM_T__&) [with __STREAM_T__ = My_PointXYZI_HW]’
/home/wyt/workspack/vitis/DsOc_v2/src/DSVS_Octree_hw.cpp:73:24:   required from here
/tools/Xilinx/Vitis/2024.2/include/hls_stream.h:243:50: warning: comparison of integer expressions of different signedness: ‘std::__atomic_base<int>::__int_type’ {aka ‘int’} and ‘std::deque<std::array<char, 12>, std::allocator<std::array<char, 12> > >::size_type’ {aka ‘long unsigned int’} [-Wsign-compare]
  243 |     if (stream_globals<DIRECTIO>::get_max_size() < data.size())
      |         ~~~~~~~~~~~~~~~~~~~~~~~~~~~~~~~~~~~~~~~~~^~~~~~~~~~~~~
/tools/Xilinx/Vitis/2024.2/include/hls_stream.h: In instantiation of ‘void hls::stream_entity<SIZE, DIRECTIO>::write(const void*) [with long unsigned int SIZE = 4; bool DIRECTIO = false]’:
/tools/Xilinx/Vitis/2024.2/include/hls_stream.h:473:25:   required from ‘void hls::stream<__STREAM_T__, 0>::write(const __STREAM_T__&) [with __STREAM_T__ = ap_uint<32>]’
/home/wyt/workspack/vitis/DsOc_v2/src/DSVS_Octree_hw.cpp:74:39:   required from here
/tools/Xilinx/Vitis/2024.2/include/hls_stream.h:243:50: warning: comparison of integer expressions of different signedness: ‘std::__atomic_base<int>::__int_type’ {aka ‘int’} and ‘std::deque<std::array<char, 4>, std::allocator<std::array<char, 4> > >::size_type’ {aka ‘long unsigned int’} [-Wsign-compare]
/tools/Xilinx/Vitis/2024.2/include/hls_stream.h: In instantiation of ‘void hls::stream_entity<SIZE, DIRECTIO>::write(const void*) [with long unsigned int SIZE = 1; bool DIRECTIO = false]’:
/tools/Xilinx/Vitis/2024.2/include/hls_stream.h:473:25:   required from ‘void hls::stream<__STREAM_T__, 0>::write(const __STREAM_T__&) [with __STREAM_T__ = bool]’
/home/wyt/workspack/vitis/DsOc_v2/src/DSVS_Octree_hw.cpp:255:33:   required from here
/tools/Xilinx/Vitis/2024.2/include/hls_stream.h:243:50: warning: comparison of integer expressions of different signedness: ‘std::__atomic_base<int>::__int_type’ {aka ‘int’} and ‘std::deque<std::array<char, 1>, std::allocator<std::array<char, 1> > >::size_type’ {aka ‘long unsigned int’} [-Wsign-compare]
In file included from /tools/Xilinx/Vitis/2024.2/include/etc/ap_common.h:658,
                 from /tools/Xilinx/Vitis/2024.2/include/ap_fixed.h:9,
                 from /home/wyt/workspack/vitis/DsOc_v2/src/DSVS_Octree.h:15,
                 from /home/wyt/workspack/vitis/DsOc_v2/src/DSVS_Octree_hw.cpp:1:
/tools/Xilinx/Vitis/2024.2/include/etc/ap_private.h: In instantiation of ‘ap_private<_AP_W, _AP_S, false>& ap_private<_AP_W, _AP_S, false>::operator*=(const ap_private<_AP_W1, _AP_S1>&) [with int _AP_W1 = 64; bool _AP_S1 = false; int _AP_W = 128; bool _AP_S = false]’:
/tools/Xilinx/Vitis/2024.2/include/etc/ap_private.h:2069:14:   required from ‘typename ap_private<_AP_W, _AP_S, true>::RType<_AP_W2, _AP_S2>::mult ap_private<_AP_W, _AP_S, true>::operator*(const ap_private<_AP_W1, _AP_S1>&) const [with int _AP_W1 = 64; bool _AP_S1 = false; int _AP_W = 64; bool _AP_S = false; typename ap_private<_AP_W, _AP_S, true>::RType<_AP_W2, _AP_S2>::mult = ap_private<128, false, false>]’
/tools/Xilinx/Vitis/2024.2/include/etc/ap_int_base.h:1477:1:   required from ‘typename ap_int_base<_AP_W, _AP_S>::RType<_AP_W2, _AP_S2>::mult operator*(const ap_int_base<_AP_W, _AP_S>&, const ap_int_base<_AP_W3, _AP_S3>&) [with int _AP_W = 32; bool _AP_S = false; int _AP_W2 = 32; bool _AP_S2 = false; typename ap_int_base<_AP_W, _AP_S>::RType<_AP_W2, _AP_S2>::mult = ap_uint<64>; typename ap_int_base<_AP_W, _AP_S>::RType<_AP_W2, _AP_S2> = ap_int_base<32, false>::RType<32, false>]’
/home/wyt/workspack/vitis/DsOc_v2/src/DSVS_Octree_hw.cpp:126:41:   required from here
/tools/Xilinx/Vitis/2024.2/include/etc/ap_private.h:4011:23: warning: comparison of integer expressions of different signedness: ‘int’ and ‘uint32_t’ {aka ‘unsigned int’} [-Wsign-compare]
 4011 |     for (int i = 0; i < wordsToCopy; ++i) pVal[i] = dest[i];
      |                     ~~^~~~~~~~~~~~~
/tools/Xilinx/Vitis/2024.2/include/etc/ap_private.h: In instantiation of ‘ap_private<_AP_W, _AP_S, false>& ap_private<_AP_W, _AP_S, false>::operator*=(const ap_private<_AP_W1, _AP_S1>&) [with int _AP_W1 = 96; bool _AP_S1 = false; int _AP_W = 192; bool _AP_S = false]’:
/tools/Xilinx/Vitis/2024.2/include/etc/ap_private.h:4101:10:   required from ‘typename ap_private<_AP_W, _AP_S, false>::RType<_AP_W2, _AP_S2>::mult ap_private<_AP_W, _AP_S, false>::operator*(const ap_private<_AP_W1, _AP_S1>&) const [with int _AP_W1 = 96; bool _AP_S1 = false; int _AP_W = 96; bool _AP_S = false; typename ap_private<_AP_W, _AP_S, false>::RType<_AP_W2, _AP_S2>::mult = ap_private<192, false, false>]’
/tools/Xilinx/Vitis/2024.2/include/etc/ap_int_base.h:1477:1:   required from ‘typename ap_int_base<_AP_W, _AP_S>::RType<_AP_W2, _AP_S2>::mult operator*(const ap_int_base<_AP_W, _AP_S>&, const ap_int_base<_AP_W3, _AP_S3>&) [with int _AP_W = 64; bool _AP_S = false; int _AP_W2 = 32; bool _AP_S2 = false; typename ap_int_base<_AP_W, _AP_S>::RType<_AP_W2, _AP_S2>::mult = ap_uint<96>; typename ap_int_base<_AP_W, _AP_S>::RType<_AP_W2, _AP_S2> = ap_int_base<64, false>::RType<32, false>]’
/home/wyt/workspack/vitis/DsOc_v2/src/DSVS_Octree_hw.cpp:126:62:   required from here
/tools/Xilinx/Vitis/2024.2/include/etc/ap_private.h:4011:23: warning: comparison of integer expressions of different signedness: ‘int’ and ‘uint32_t’ {aka ‘unsigned int’} [-Wsign-compare]
/tools/Xilinx/Vitis/2024.2/include/etc/ap_private.h: In instantiation of ‘ap_private<_AP_W, _AP_S, false>& ap_private<_AP_W, _AP_S, false>::operator*=(const ap_private<_AP_W1, _AP_S1>&) [with int _AP_W1 = 64; bool _AP_S1 = true; int _AP_W = 128; bool _AP_S = true]’:
/tools/Xilinx/Vitis/2024.2/include/etc/ap_private.h:2069:14:   required from ‘typename ap_private<_AP_W, _AP_S, true>::RType<_AP_W2, _AP_S2>::mult ap_private<_AP_W, _AP_S, true>::operator*(const ap_private<_AP_W1, _AP_S1>&) const [with int _AP_W1 = 64; bool _AP_S1 = true; int _AP_W = 64; bool _AP_S = true; typename ap_private<_AP_W, _AP_S, true>::RType<_AP_W2, _AP_S2>::mult = ap_private<128, true, false>]’
/tools/Xilinx/Vitis/2024.2/include/etc/ap_int_base.h:1477:1:   required from ‘typename ap_int_base<_AP_W, _AP_S>::RType<_AP_W2, _AP_S2>::mult operator*(const ap_int_base<_AP_W, _AP_S>&, const ap_int_base<_AP_W3, _AP_S3>&) [with int _AP_W = 32; bool _AP_S = false; int _AP_W2 = 32; bool _AP_S2 = true; typename ap_int_base<_AP_W, _AP_S>::RType<_AP_W2, _AP_S2>::mult = ap_int<64>; typename ap_int_base<_AP_W, _AP_S>::RType<_AP_W2, _AP_S2> = ap_int_base<32, false>::RType<32, true>]’
/tools/Xilinx/Vitis/2024.2/include/etc/ap_int_base.h:1616:1:   required from ‘typename ap_int_base<_AP_W, _AP_S>::RType<_AP_SIZE_int, true>::mult operator*(const ap_int_base<_AP_W, _AP_S>&, int) [with int _AP_W = 32; bool _AP_S = false; typename ap_int_base<_AP_W, _AP_S>::RType<_AP_SIZE_int, true>::mult = ap_int<64>; typename ap_int_base<_AP_W, _AP_S>::RType<_AP_SIZE_int, true> = ap_int_base<32, false>::RType<32, true>]’
/home/wyt/workspack/vitis/DsOc_v2/src/DSVS_Octree_hw.cpp:171:49:   required from here
/tools/Xilinx/Vitis/2024.2/include/etc/ap_private.h:4011:23: warning: comparison of integer expressions of different signedness: ‘int’ and ‘uint32_t’ {aka ‘unsigned int’} [-Wsign-compare]
Linking Host executable with objects: build_temp/host.o build_temp/DSVS_Octree.o build_temp/DSVS_Octree_hw.o
g++ -o build_temp/host.exe build_temp/host.o build_temp/DSVS_Octree.o build_temp/DSVS_Octree_hw.o -lxrt_coreutil -lpthread -L/opt/xilinx/xrt/lib
GENERATE build_temp/host.exe Done!
