Thu Nov  6 12:52:52 2025: Running xcd server. This server was built by gradle.
Thu Nov  6 12:52:52 2025: Server was asked to start on port: '33459'
Thu Nov  6 12:52:52 2025: Server is using token UUID: 'a9b6b7b8-a93c-4ab1-aed5-436b3799bf76'
Thu Nov  6 12:52:52 2025: SESSION_MGR: creating session with session uuid: '6d04a3e9-ade5-4ab9-8d63-1f78fcd2ec76' and name 'default'
Thu Nov  6 12:52:52 2025: Attempting to start server on port '33459'
Thu Nov  6 12:52:52 2025: XCD main fifo: created main fifo '/tmp/xcdmaina9b6b7b8-a93c-4ab1-aed5-436b3799bf76', fd read = 13
Thu Nov  6 12:52:52 2025: Running Dispatch Server
Thu Nov  6 12:52:52 2025: Version 2.2.0
Thu Nov  6 12:52:54 2025: Dispatch Server: Accepted socket connection from client
Thu Nov  6 12:52:54 2025: Starting Socket connection
Thu Nov  6 12:52:54 2025: EXCHANGE_TOKEN received, server token: a9b6b7b8-a93c-4ab1-aed5-436b3799bf76, passed token: a9b6b7b8-a93c-4ab1-aed5-436b3799bf76
Thu Nov  6 12:52:54 2025: DISPATCH_HANDLER: Adding handler from function makeHandler in library libxv_system_diagram
Thu Nov  6 12:52:54 2025: SESSION_MGR: creating session with session uuid: '7400bc7e-aca7-4d98-993d-bfc0842a483e' and name 'v++_link_DsOc_kernel'
Thu Nov  6 12:52:54 2025: KERNEL_SVC: creating session with uuid: '7400bc7e-aca7-4d98-993d-bfc0842a483e' and name 'v++_link_DsOc_kernel'
Thu Nov  6 12:52:54 2025: GUIDANCE_SMGR: creating guidance session with uuid: '7400bc7e-aca7-4d98-993d-bfc0842a483e' and name 'v++_link_DsOc_kernel'
Thu Nov  6 12:52:54 2025: SYSTEM_DIAGRAM: creating session with uuid: '7400bc7e-aca7-4d98-993d-bfc0842a483e' and name 'v++_link_DsOc_kernel'
Thu Nov  6 12:53:03 2025: Dispatch Server: Accepted socket connection from client
Thu Nov  6 12:53:03 2025: Starting Socket connection
Thu Nov  6 12:53:07 2025: Dispatch Server: Accepted socket connection from client
Thu Nov  6 12:53:07 2025: Starting Socket connection
Thu Nov  6 12:54:17 2025: Dispatch Server: Accepted socket connection from client
Thu Nov  6 12:54:17 2025: Starting Socket connection
Thu Nov  6 12:54:17 2025: Dispatch Server: Accepted socket connection from client
Thu Nov  6 12:54:17 2025: Starting Socket connection
Thu Nov  6 12:54:17 2025: Dispatch Server: Accepted socket connection from client
Thu Nov  6 12:54:17 2025: Starting Socket connection
Thu Nov  6 12:54:17 2025: Dispatch Server: Accepted socket connection from client
Thu Nov  6 12:54:17 2025: Starting Socket connection
Thu Nov  6 12:54:17 2025: Dispatch Server: Accepted socket connection from client
Thu Nov  6 12:54:17 2025: Starting Socket connection
Thu Nov  6 12:54:17 2025: Dispatch Server: Accepted socket connection from client
Thu Nov  6 12:54:17 2025: Starting Socket connection
Thu Nov  6 12:54:18 2025: Dispatch Server: Accepted socket connection from client
Thu Nov  6 12:54:18 2025: Starting Socket connection
Thu Nov  6 12:54:18 2025: Dispatch Server: Accepted socket connection from client
Thu Nov  6 12:54:18 2025: Starting Socket connection
Thu Nov  6 12:54:41 2025: Dispatch Server: Accepted socket connection from client
Thu Nov  6 12:54:41 2025: Starting Socket connection
Thu Nov  6 12:54:42 2025: Dispatch Server: Accepted socket connection from client
Thu Nov  6 12:54:42 2025: Starting Socket connection
Thu Nov  6 12:54:42 2025: Dispatch Server: Accepted socket connection from client
Thu Nov  6 12:54:42 2025: Starting Socket connection
Thu Nov  6 12:54:43 2025: Dispatch Server: Accepted socket connection from client
Thu Nov  6 12:54:43 2025: Starting Socket connection
Thu Nov  6 12:54:45 2025: Dispatch Server: Accepted socket connection from client
Thu Nov  6 12:54:45 2025: Starting Socket connection
Thu Nov  6 12:54:46 2025: Dispatch Server: Accepted socket connection from client
Thu Nov  6 12:54:46 2025: Starting Socket connection
Thu Nov  6 12:54:46 2025: Dispatch Server: Accepted socket connection from client
Thu Nov  6 12:54:46 2025: Starting Socket connection
Thu Nov  6 12:54:47 2025: Dispatch Server: Accepted socket connection from client
Thu Nov  6 12:54:47 2025: Starting Socket connection
Thu Nov  6 12:54:52 2025: Dispatch Server: Accepted socket connection from client
Thu Nov  6 12:54:52 2025: Starting Socket connection
Thu Nov  6 12:54:53 2025: Dispatch Server: Accepted socket connection from client
Thu Nov  6 12:54:53 2025: Starting Socket connection
Thu Nov  6 12:54:53 2025: Dispatch Server: Accepted socket connection from client
Thu Nov  6 12:54:53 2025: Starting Socket connection
Thu Nov  6 12:54:59 2025: Dispatch Server: Accepted socket connection from client
Thu Nov  6 12:54:59 2025: Starting Socket connection
Thu Nov  6 12:55:00 2025: Dispatch Server: Accepted socket connection from client
Thu Nov  6 12:55:00 2025: Starting Socket connection
Thu Nov  6 12:55:05 2025: Dispatch Server: Accepted socket connection from client
Thu Nov  6 12:55:05 2025: Starting Socket connection
Thu Nov  6 12:55:06 2025: Dispatch Server: Accepted socket connection from client
Thu Nov  6 12:55:06 2025: Starting Socket connection
Thu Nov  6 12:55:07 2025: Dispatch Server: Accepted socket connection from client
Thu Nov  6 12:55:07 2025: Starting Socket connection
Thu Nov  6 12:55:08 2025: Dispatch Server: Accepted socket connection from client
Thu Nov  6 12:55:08 2025: Starting Socket connection
Thu Nov  6 12:55:09 2025: Dispatch Server: Accepted socket connection from client
Thu Nov  6 12:55:09 2025: Starting Socket connection
Thu Nov  6 12:55:12 2025: Dispatch Server: Accepted socket connection from client
Thu Nov  6 12:55:12 2025: Starting Socket connection
Thu Nov  6 12:55:14 2025: Dispatch Server: Accepted socket connection from client
Thu Nov  6 12:55:14 2025: Starting Socket connection
Thu Nov  6 12:55:15 2025: Dispatch Server: Accepted socket connection from client
Thu Nov  6 12:55:15 2025: Starting Socket connection
Thu Nov  6 12:55:16 2025: Dispatch Server: Accepted socket connection from client
Thu Nov  6 12:55:16 2025: Starting Socket connection
Thu Nov  6 12:55:18 2025: Dispatch Server: Accepted socket connection from client
Thu Nov  6 12:55:18 2025: Starting Socket connection
Thu Nov  6 12:55:33 2025: Dispatch Server: Accepted socket connection from client
Thu Nov  6 12:55:33 2025: Starting Socket connection
Thu Nov  6 12:55:37 2025: Dispatch Server: Accepted socket connection from client
Thu Nov  6 12:55:37 2025: Starting Socket connection
Thu Nov  6 12:55:38 2025: Dispatch Server: Accepted socket connection from client
Thu Nov  6 12:55:38 2025: Starting Socket connection
Thu Nov  6 12:55:39 2025: Dispatch Server: Accepted socket connection from client
Thu Nov  6 12:55:39 2025: Starting Socket connection
Thu Nov  6 12:55:42 2025: Dispatch Server: Accepted socket connection from client
Thu Nov  6 12:55:42 2025: Starting Socket connection
Thu Nov  6 12:55:42 2025: Dispatch Server: Accepted socket connection from client
Thu Nov  6 12:55:42 2025: Starting Socket connection
Thu Nov  6 12:55:43 2025: Dispatch Server: Accepted socket connection from client
Thu Nov  6 12:55:43 2025: Starting Socket connection
Thu Nov  6 12:56:01 2025: Dispatch Server: Accepted socket connection from client
Thu Nov  6 12:56:01 2025: Starting Socket connection
Thu Nov  6 12:56:05 2025: Dispatch Server: Accepted socket connection from client
Thu Nov  6 12:56:05 2025: Starting Socket connection
Thu Nov  6 12:56:07 2025: Dispatch Server: Accepted socket connection from client
Thu Nov  6 12:56:07 2025: Starting Socket connection
Thu Nov  6 12:56:07 2025: Dispatch Server: Accepted socket connection from client
Thu Nov  6 12:56:07 2025: Starting Socket connection
Thu Nov  6 12:56:11 2025: Dispatch Server: Accepted socket connection from client
Thu Nov  6 12:56:11 2025: Starting Socket connection
Thu Nov  6 12:56:11 2025: Dispatch Server: Accepted socket connection from client
Thu Nov  6 12:56:11 2025: Starting Socket connection
Thu Nov  6 12:56:11 2025: Dispatch Server: Accepted socket connection from client
Thu Nov  6 12:56:11 2025: Starting Socket connection
Thu Nov  6 12:56:13 2025: Dispatch Server: Accepted socket connection from client
Thu Nov  6 12:56:13 2025: Starting Socket connection
Thu Nov  6 12:56:13 2025: Dispatch Server: Accepted socket connection from client
Thu Nov  6 12:56:13 2025: Starting Socket connection
Thu Nov  6 12:56:13 2025: Dispatch Server: Accepted socket connection from client
Thu Nov  6 12:56:13 2025: Starting Socket connection
Thu Nov  6 12:56:17 2025: Dispatch Server: Accepted socket connection from client
Thu Nov  6 12:56:17 2025: Starting Socket connection
Thu Nov  6 12:56:20 2025: Dispatch Server: Accepted socket connection from client
Thu Nov  6 12:56:20 2025: Starting Socket connection
Thu Nov  6 12:56:31 2025: Dispatch Server: Accepted socket connection from client
Thu Nov  6 12:56:31 2025: Starting Socket connection
Thu Nov  6 12:56:35 2025: Dispatch Server: Accepted socket connection from client
Thu Nov  6 12:56:35 2025: Starting Socket connection
Thu Nov  6 12:56:40 2025: Dispatch Server: Accepted socket connection from client
Thu Nov  6 12:56:40 2025: Starting Socket connection
Thu Nov  6 12:56:41 2025: Dispatch Server: Accepted socket connection from client
Thu Nov  6 12:56:41 2025: Starting Socket connection
Thu Nov  6 12:56:42 2025: Dispatch Server: Accepted socket connection from client
Thu Nov  6 12:56:42 2025: Starting Socket connection
Thu Nov  6 12:56:46 2025: Dispatch Server: Accepted socket connection from client
Thu Nov  6 12:56:46 2025: Starting Socket connection
Thu Nov  6 12:56:51 2025: Dispatch Server: Accepted socket connection from client
Thu Nov  6 12:56:51 2025: Starting Socket connection
Thu Nov  6 12:56:56 2025: Dispatch Server: Accepted socket connection from client
Thu Nov  6 12:56:56 2025: Starting Socket connection
Thu Nov  6 12:57:00 2025: Dispatch Server: Accepted socket connection from client
Thu Nov  6 12:57:00 2025: Starting Socket connection
Thu Nov  6 12:57:04 2025: Dispatch Server: Accepted socket connection from client
Thu Nov  6 12:57:04 2025: Starting Socket connection
Thu Nov  6 12:57:06 2025: Dispatch Server: Accepted socket connection from client
Thu Nov  6 12:57:06 2025: Starting Socket connection
Thu Nov  6 12:57:08 2025: Dispatch Server: Accepted socket connection from client
Thu Nov  6 12:57:08 2025: Starting Socket connection
Thu Nov  6 12:57:13 2025: Dispatch Server: Accepted socket connection from client
Thu Nov  6 12:57:13 2025: Starting Socket connection
Thu Nov  6 12:57:13 2025: Dispatch Server: Accepted socket connection from client
Thu Nov  6 12:57:13 2025: Starting Socket connection
Thu Nov  6 12:57:18 2025: Dispatch Server: Accepted socket connection from client
Thu Nov  6 12:57:18 2025: Starting Socket connection
Thu Nov  6 12:57:26 2025: Dispatch Server: Accepted socket connection from client
Thu Nov  6 12:57:26 2025: Starting Socket connection
Thu Nov  6 12:57:31 2025: Dispatch Server: Accepted socket connection from client
Thu Nov  6 12:57:31 2025: Starting Socket connection
Thu Nov  6 12:57:39 2025: Dispatch Server: Accepted socket connection from client
Thu Nov  6 12:57:39 2025: Starting Socket connection
Thu Nov  6 12:57:44 2025: Dispatch Server: Accepted socket connection from client
Thu Nov  6 12:57:44 2025: Starting Socket connection
Thu Nov  6 12:57:46 2025: Dispatch Server: Accepted socket connection from client
Thu Nov  6 12:57:46 2025: Starting Socket connection
Thu Nov  6 12:57:46 2025: Dispatch Server: Accepted socket connection from client
Thu Nov  6 12:57:46 2025: Starting Socket connection
Thu Nov  6 12:57:51 2025: Dispatch Server: Accepted socket connection from client
Thu Nov  6 12:57:51 2025: Starting Socket connection
Thu Nov  6 12:57:51 2025: Dispatch Server: Accepted socket connection from client
Thu Nov  6 12:57:51 2025: Starting Socket connection
Thu Nov  6 12:57:52 2025: Dispatch Server: Accepted socket connection from client
Thu Nov  6 12:57:52 2025: Starting Socket connection
Thu Nov  6 12:57:54 2025: Dispatch Server: Accepted socket connection from client
Thu Nov  6 12:57:54 2025: Starting Socket connection
Thu Nov  6 12:57:54 2025: Dispatch Server: Accepted socket connection from client
Thu Nov  6 12:57:54 2025: Starting Socket connection
Thu Nov  6 12:57:58 2025: Dispatch Server: Accepted socket connection from client
Thu Nov  6 12:57:58 2025: Starting Socket connection
Thu Nov  6 12:57:59 2025: Dispatch Server: Accepted socket connection from client
Thu Nov  6 12:57:59 2025: Starting Socket connection
Thu Nov  6 12:58:00 2025: Dispatch Server: Accepted socket connection from client
Thu Nov  6 12:58:00 2025: Starting Socket connection
Thu Nov  6 12:58:02 2025: Dispatch Server: Accepted socket connection from client
Thu Nov  6 12:58:02 2025: Starting Socket connection
Thu Nov  6 12:58:03 2025: Dispatch Server: Accepted socket connection from client
Thu Nov  6 12:58:03 2025: Starting Socket connection
Thu Nov  6 12:58:16 2025: Dispatch Server: Accepted socket connection from client
Thu Nov  6 12:58:16 2025: Starting Socket connection
Thu Nov  6 12:58:27 2025: Dispatch Server: Accepted socket connection from client
Thu Nov  6 12:58:27 2025: Starting Socket connection
Thu Nov  6 12:58:29 2025: Dispatch Server: Accepted socket connection from client
Thu Nov  6 12:58:29 2025: Starting Socket connection
Thu Nov  6 12:58:30 2025: Dispatch Server: Accepted socket connection from client
Thu Nov  6 12:58:30 2025: Starting Socket connection
Thu Nov  6 12:58:31 2025: Dispatch Server: Accepted socket connection from client
Thu Nov  6 12:58:31 2025: Starting Socket connection
Thu Nov  6 12:58:34 2025: Dispatch Server: Accepted socket connection from client
Thu Nov  6 12:58:34 2025: Starting Socket connection
Thu Nov  6 12:58:36 2025: Dispatch Server: Accepted socket connection from client
Thu Nov  6 12:58:36 2025: Starting Socket connection
Thu Nov  6 12:58:37 2025: Dispatch Server: Accepted socket connection from client
Thu Nov  6 12:58:37 2025: Starting Socket connection
Thu Nov  6 12:58:38 2025: Dispatch Server: Accepted socket connection from client
Thu Nov  6 12:58:38 2025: Starting Socket connection
Thu Nov  6 12:58:40 2025: Dispatch Server: Accepted socket connection from client
Thu Nov  6 12:58:40 2025: Starting Socket connection
Thu Nov  6 12:58:41 2025: Dispatch Server: Accepted socket connection from client
Thu Nov  6 12:58:41 2025: Starting Socket connection
Thu Nov  6 12:58:42 2025: Dispatch Server: Accepted socket connection from client
Thu Nov  6 12:58:42 2025: Starting Socket connection
Thu Nov  6 12:58:42 2025: Dispatch Server: Accepted socket connection from client
Thu Nov  6 12:58:42 2025: Starting Socket connection
Thu Nov  6 12:58:43 2025: Dispatch Server: Accepted socket connection from client
Thu Nov  6 12:58:43 2025: Starting Socket connection
Thu Nov  6 12:58:43 2025: Dispatch Server: Accepted socket connection from client
Thu Nov  6 12:58:43 2025: Starting Socket connection
Thu Nov  6 12:58:45 2025: Dispatch Server: Accepted socket connection from client
Thu Nov  6 12:58:45 2025: Starting Socket connection
Thu Nov  6 12:59:04 2025: Dispatch Server: Accepted socket connection from client
Thu Nov  6 12:59:04 2025: Starting Socket connection
Thu Nov  6 12:59:04 2025: Dispatch Server: Accepted socket connection from client
Thu Nov  6 12:59:04 2025: Starting Socket connection
Thu Nov  6 12:59:06 2025: Dispatch Server: Accepted socket connection from client
Thu Nov  6 12:59:06 2025: Starting Socket connection
Thu Nov  6 12:59:06 2025: Dispatch Server: Accepted socket connection from client
Thu Nov  6 12:59:06 2025: Starting Socket connection
Thu Nov  6 12:59:08 2025: Dispatch Server: Accepted socket connection from client
Thu Nov  6 12:59:08 2025: Starting Socket connection
Thu Nov  6 12:59:11 2025: Dispatch Server: Accepted socket connection from client
Thu Nov  6 12:59:11 2025: Starting Socket connection
Thu Nov  6 12:59:13 2025: Dispatch Server: Accepted socket connection from client
Thu Nov  6 12:59:13 2025: Starting Socket connection
Thu Nov  6 12:59:13 2025: Dispatch Server: Accepted socket connection from client
Thu Nov  6 12:59:13 2025: Starting Socket connection
Thu Nov  6 12:59:14 2025: Dispatch Server: Accepted socket connection from client
Thu Nov  6 12:59:14 2025: Starting Socket connection
Thu Nov  6 12:59:14 2025: Dispatch Server: Accepted socket connection from client
Thu Nov  6 12:59:14 2025: Starting Socket connection
Thu Nov  6 12:59:18 2025: Dispatch Server: Accepted socket connection from client
Thu Nov  6 12:59:18 2025: Starting Socket connection
Thu Nov  6 12:59:19 2025: Dispatch Server: Accepted socket connection from client
Thu Nov  6 12:59:19 2025: Starting Socket connection
Thu Nov  6 12:59:20 2025: Dispatch Server: Accepted socket connection from client
Thu Nov  6 12:59:20 2025: Starting Socket connection
Thu Nov  6 12:59:21 2025: Dispatch Server: Accepted socket connection from client
Thu Nov  6 12:59:21 2025: Starting Socket connection
Thu Nov  6 12:59:27 2025: Dispatch Server: Accepted socket connection from client
Thu Nov  6 12:59:27 2025: Starting Socket connection
Thu Nov  6 12:59:34 2025: Dispatch Server: Accepted socket connection from client
Thu Nov  6 12:59:34 2025: Starting Socket connection
Thu Nov  6 12:59:34 2025: Dispatch Server: Accepted socket connection from client
Thu Nov  6 12:59:34 2025: Starting Socket connection
Thu Nov  6 12:59:37 2025: Dispatch Server: Accepted socket connection from client
Thu Nov  6 12:59:37 2025: Starting Socket connection
Thu Nov  6 12:59:41 2025: Dispatch Server: Accepted socket connection from client
Thu Nov  6 12:59:41 2025: Starting Socket connection
Thu Nov  6 12:59:41 2025: Dispatch Server: Accepted socket connection from client
Thu Nov  6 12:59:41 2025: Starting Socket connection
Thu Nov  6 12:59:43 2025: Dispatch Server: Accepted socket connection from client
Thu Nov  6 12:59:43 2025: Starting Socket connection
Thu Nov  6 12:59:44 2025: Dispatch Server: Accepted socket connection from client
Thu Nov  6 12:59:44 2025: Starting Socket connection
Thu Nov  6 12:59:45 2025: Dispatch Server: Accepted socket connection from client
Thu Nov  6 12:59:45 2025: Starting Socket connection
Thu Nov  6 12:59:48 2025: Dispatch Server: Accepted socket connection from client
Thu Nov  6 12:59:48 2025: Starting Socket connection
Thu Nov  6 12:59:48 2025: Dispatch Server: Accepted socket connection from client
Thu Nov  6 12:59:48 2025: Starting Socket connection
Thu Nov  6 12:59:48 2025: Dispatch Server: Accepted socket connection from client
Thu Nov  6 12:59:48 2025: Starting Socket connection
Thu Nov  6 12:59:49 2025: Dispatch Server: Accepted socket connection from client
Thu Nov  6 12:59:49 2025: Starting Socket connection
Thu Nov  6 12:59:51 2025: Dispatch Server: Accepted socket connection from client
Thu Nov  6 12:59:51 2025: Starting Socket connection
Thu Nov  6 12:59:51 2025: Dispatch Server: Accepted socket connection from client
Thu Nov  6 12:59:51 2025: Starting Socket connection
Thu Nov  6 12:59:55 2025: Dispatch Server: Accepted socket connection from client
Thu Nov  6 12:59:55 2025: Starting Socket connection
Thu Nov  6 13:00:10 2025: Dispatch Server: Accepted socket connection from client
Thu Nov  6 13:00:10 2025: Starting Socket connection
Thu Nov  6 13:00:13 2025: Dispatch Server: Accepted socket connection from client
Thu Nov  6 13:00:13 2025: Starting Socket connection
Thu Nov  6 13:00:17 2025: Dispatch Server: Accepted socket connection from client
Thu Nov  6 13:00:17 2025: Starting Socket connection
Thu Nov  6 13:00:17 2025: Dispatch Server: Accepted socket connection from client
Thu Nov  6 13:00:17 2025: Starting Socket connection
Thu Nov  6 13:00:17 2025: Dispatch Server: Accepted socket connection from client
Thu Nov  6 13:00:17 2025: Starting Socket connection
Thu Nov  6 13:00:17 2025: Dispatch Server: Accepted socket connection from client
Thu Nov  6 13:00:17 2025: Starting Socket connection
Thu Nov  6 13:00:24 2025: Dispatch Server: Accepted socket connection from client
Thu Nov  6 13:00:24 2025: Starting Socket connection
Thu Nov  6 13:00:31 2025: Dispatch Server: Accepted socket connection from client
Thu Nov  6 13:00:31 2025: Starting Socket connection
Thu Nov  6 13:00:36 2025: Dispatch Server: Accepted socket connection from client
Thu Nov  6 13:00:36 2025: Starting Socket connection
Thu Nov  6 13:00:38 2025: Dispatch Server: Accepted socket connection from client
Thu Nov  6 13:00:38 2025: Starting Socket connection
Thu Nov  6 13:00:38 2025: Dispatch Server: Accepted socket connection from client
Thu Nov  6 13:00:38 2025: Starting Socket connection
Thu Nov  6 13:00:40 2025: Dispatch Server: Accepted socket connection from client
Thu Nov  6 13:00:40 2025: Starting Socket connection
Thu Nov  6 13:00:40 2025: Dispatch Server: Accepted socket connection from client
Thu Nov  6 13:00:40 2025: Starting Socket connection
Thu Nov  6 13:00:41 2025: Dispatch Server: Accepted socket connection from client
Thu Nov  6 13:00:41 2025: Starting Socket connection
Thu Nov  6 13:00:42 2025: Dispatch Server: Accepted socket connection from client
Thu Nov  6 13:00:42 2025: Starting Socket connection
Thu Nov  6 13:00:42 2025: Dispatch Server: Accepted socket connection from client
Thu Nov  6 13:00:42 2025: Starting Socket connection
Thu Nov  6 13:00:44 2025: Dispatch Server: Accepted socket connection from client
Thu Nov  6 13:00:44 2025: Starting Socket connection
Thu Nov  6 13:00:45 2025: Dispatch Server: Accepted socket connection from client
Thu Nov  6 13:00:45 2025: Starting Socket connection
Thu Nov  6 13:00:47 2025: Dispatch Server: Accepted socket connection from client
Thu Nov  6 13:00:47 2025: Starting Socket connection
Thu Nov  6 13:00:47 2025: Dispatch Server: Accepted socket connection from client
Thu Nov  6 13:00:47 2025: Starting Socket connection
Thu Nov  6 13:00:47 2025: Dispatch Server: Accepted socket connection from client
Thu Nov  6 13:00:47 2025: Starting Socket connection
Thu Nov  6 13:00:49 2025: Dispatch Server: Accepted socket connection from client
Thu Nov  6 13:00:49 2025: Starting Socket connection
Thu Nov  6 13:00:50 2025: Dispatch Server: Accepted socket connection from client
Thu Nov  6 13:00:50 2025: Starting Socket connection
Thu Nov  6 13:00:51 2025: Dispatch Server: Accepted socket connection from client
Thu Nov  6 13:00:51 2025: Starting Socket connection
Thu Nov  6 13:00:52 2025: Dispatch Server: Accepted socket connection from client
Thu Nov  6 13:00:52 2025: Starting Socket connection
Thu Nov  6 13:00:54 2025: Dispatch Server: Accepted socket connection from client
Thu Nov  6 13:00:54 2025: Starting Socket connection
Thu Nov  6 13:01:07 2025: Dispatch Server: Accepted socket connection from client
Thu Nov  6 13:01:07 2025: Starting Socket connection
Thu Nov  6 13:01:14 2025: Dispatch Server: Accepted socket connection from client
Thu Nov  6 13:01:14 2025: Starting Socket connection
Thu Nov  6 13:01:15 2025: Dispatch Server: Accepted socket connection from client
Thu Nov  6 13:01:15 2025: Starting Socket connection
Thu Nov  6 13:01:16 2025: Dispatch Server: Accepted socket connection from client
Thu Nov  6 13:01:16 2025: Starting Socket connection
Thu Nov  6 13:01:17 2025: Dispatch Server: Accepted socket connection from client
Thu Nov  6 13:01:17 2025: Starting Socket connection
Thu Nov  6 13:01:18 2025: Dispatch Server: Accepted socket connection from client
Thu Nov  6 13:01:18 2025: Starting Socket connection
Thu Nov  6 13:01:21 2025: Dispatch Server: Accepted socket connection from client
Thu Nov  6 13:01:21 2025: Starting Socket connection
Thu Nov  6 13:01:41 2025: Dispatch Server: Accepted socket connection from client
Thu Nov  6 13:01:41 2025: Starting Socket connection
Thu Nov  6 13:01:41 2025: Dispatch Server: Accepted socket connection from client
Thu Nov  6 13:01:41 2025: Starting Socket connection
Thu Nov  6 13:02:04 2025: Dispatch Server: Accepted socket connection from client
Thu Nov  6 13:02:04 2025: Starting Socket connection
Thu Nov  6 13:02:07 2025: SESSION_MGR: closing session for UUID '7400bc7e-aca7-4d98-993d-bfc0842a483e' with name 'v++_link_DsOc_kernel'
Thu Nov  6 13:02:07 2025: KERNEL_SVC: closing session for UUID '7400bc7e-aca7-4d98-993d-bfc0842a483e' with name 'v++_link_DsOc_kernel'
Thu Nov  6 13:02:07 2025: GUIDANCE_SMGR: closing session for UUID '7400bc7e-aca7-4d98-993d-bfc0842a483e' with name 'v++_link_DsOc_kernel'
Thu Nov  6 13:02:07 2025: SYSTEM_DIAGRAM: closing session for UUID '7400bc7e-aca7-4d98-993d-bfc0842a483e' with name 'v++_link_DsOc_kernel'
Thu Nov  6 13:02:07 2025: STOP_SERVER received, server token: a9b6b7b8-a93c-4ab1-aed5-436b3799bf76, passed token: a9b6b7b8-a93c-4ab1-aed5-436b3799bf76
Thu Nov  6 13:02:07 2025: DISPATCH_HANDLER: 4 connections are active. Stop request denied.
